[INFO] Disabling enhanced local repository: using legacy is strongly discouraged to ensure build reproducibility.
[INFO] Scanning for projects...
[INFO] 
[INFO] --< org.example.analysis_twitter.job:s3_telechargement_donnees_region_info_hashtag >--
[INFO] Building ANALYSIS_TWITTER s3_telechargement_donnees_region_info_hashtag-0.1.0 (0.1,Job Designs) 0.1.0
[INFO] --------------------------------[ jar ]---------------------------------
[WARNING] The POM for org.dom4j:dom4j:jar:2.1.1 is missing, no dependency information available
[WARNING] The POM for org.apache.logging.log4j:log4j-api:jar:2.12.1 is missing, no dependency information available
[WARNING] The POM for org.apache.logging.log4j:log4j-core:jar:2.12.1 is missing, no dependency information available
[WARNING] The POM for org.apache.logging.log4j:log4j-slf4j-impl:jar:2.12.1 is missing, no dependency information available
[INFO] 
[INFO] --- maven-resources-plugin:3.0.2:resources (default-resources) @ s3_telechargement_donnees_region_info_hashtag ---
[WARNING] Using platform encoding (UTF-8 actually) to copy filtered resources, i.e. build is platform dependent!
[INFO] Copying 2 resources
[INFO] 
[INFO] --- maven-compiler-plugin:3.6.1:compile (default-compile) @ s3_telechargement_donnees_region_info_hashtag ---
[WARNING] The POM for org.eclipse.platform:org.eclipse.osgi:jar:3.13.300 is missing, no dependency information available
[WARNING] The POM for org.apache.commons:commons-exec:jar:1.2 is missing, no dependency information available
[INFO] Not compiling main sources
[INFO] 
[INFO] --- maven-resources-plugin:3.0.2:testResources (default-testResources) @ s3_telechargement_donnees_region_info_hashtag ---
[INFO] Not copying test resources
[INFO] 
[INFO] --- maven-compiler-plugin:3.6.1:testCompile (default-testCompile) @ s3_telechargement_donnees_region_info_hashtag ---
[INFO] Not compiling test sources
[INFO] 
[INFO] --- maven-surefire-plugin:2.20:test (default-test) @ s3_telechargement_donnees_region_info_hashtag ---
[INFO] Tests are skipped.
[INFO] 
[INFO] --- maven-jar-plugin:3.0.2:jar (default-jar) @ s3_telechargement_donnees_region_info_hashtag ---
[INFO] Building jar: /home/scasanova/Downloads/TOS_BD-20200219_1130-V7.3.1/workspace/ANALYSIS_TWITTER/poms/jobs/process/analysis_twitter_dw_pj/s3_telechargement_donnees_region_info_hashtag_0.1/target/s3_telechargement_donnees_region_info_hashtag_0_1.jar
[INFO] 
[INFO] --- maven-assembly-plugin:3.0.0:single (default) @ s3_telechargement_donnees_region_info_hashtag ---
[INFO] Reading assembly descriptor: /home/scasanova/Downloads/TOS_BD-20200219_1130-V7.3.1/workspace/ANALYSIS_TWITTER/poms/jobs/process/analysis_twitter_dw_pj/s3_telechargement_donnees_region_info_hashtag_0.1/src/main/assemblies/assembly.xml
[WARNING] Missing POM for org.dom4j:dom4j:jar:2.1.1
[WARNING] Missing POM for org.apache.logging.log4j:log4j-api:jar:2.12.1
[WARNING] Missing POM for org.apache.logging.log4j:log4j-core:jar:2.12.1
[WARNING] Missing POM for org.apache.logging.log4j:log4j-slf4j-impl:jar:2.12.1
[INFO] Building zip: /home/scasanova/Downloads/TOS_BD-20200219_1130-V7.3.1/workspace/ANALYSIS_TWITTER/poms/jobs/process/analysis_twitter_dw_pj/s3_telechargement_donnees_region_info_hashtag_0.1/target/s3_telechargement_donnees_region_info_hashtag_0_1.zip
[INFO] ------------------------------------------------------------------------
[INFO] BUILD SUCCESS
[INFO] ------------------------------------------------------------------------
[INFO] Total time: 2.706 s
[INFO] Finished at: 2020-12-09T23:15:04+01:00
[INFO] ------------------------------------------------------------------------
